if { [catch {vsimulink top_fpga -t 1ns -voptargs=+acc  } errmsg] } {
    echo "Loading simulation and HDL Verifier library failed."; 
    echo $errmsg; 
    quit -f; 
}
# //  ModelSim PE Student Edition 10.4a Apr  7 2015 
# //
# //  Copyright 1991-2015 Mentor Graphics Corporation
# //  All Rights Reserved.
# //
# //  THIS WORK CONTAINS TRADE SECRET AND PROPRIETARY INFORMATION
# //  WHICH IS THE PROPERTY OF MENTOR GRAPHICS CORPORATION OR ITS
# //  LICENSORS AND IS SUBJECT TO LICENSE TERMS.
# //  THIS DOCUMENT CONTAINS TRADE SECRETS AND COMMERCIAL OR FINANCIAL
# //  INFORMATION THAT ARE PRIVILEGED, CONFIDENTIAL, AND EXEMPT FROM
# //  DISCLOSURE UNDER THE FREEDOM OF INFORMATION ACT, 5 U.S.C. SECTION 552.
# //  FURTHERMORE, THIS INFORMATION IS PROHIBITED FROM DISCLOSURE UNDER
# //  THE TRADE SECRETS ACT, 18 U.S.C. SECTION 1905.
# //
# // NOT FOR CORPORATE OR PRODUCTION USE.
# // THE ModelSim PE Student Edition IS NOT A SUPPORTED PRODUCT.
# // FOR HIGHER EDUCATION PURPOSES ONLY
# //
# vsim 
# Start time: 02:57:19 on Dec 17,2017
# ** Error: ModelSim PE Student Edition only allows one session to run at a time.
#  An instance of ModelSim PE Student Edition is already running on this machine.
# Error loading design
# Error: Error loading design
#        Executing onElabError command(s): echo "Loading simulation and HDL Verifier library failed."; quit -f
# Loading simulation and HDL Verifier library failed.
# End time: 02:57:19 on Dec 17,2017, Elapsed time: 0:00:00
# Errors: 0, Warnings: 0
